This is pdfTeX, Version 3.14159265-2.6-1.40.17 (MiKTeX 2.9.6210 64-bit) (preloaded format=pdflatex 2017.2.13)  15 FEB 2017 17:33
entering extended mode
**./paper.tex
(paper.tex
LaTeX2e <2017/01/01> patch level 1
Babel <3.9r> and hyphenation patterns for 75 language(s) loaded.
("C:\Program Files\MiKTeX 2.9\tex\latex\achemso\achemso.cls"
Document Class: achemso 2017/01/21 v3.10h Submission to ACS journals
("C:\Program Files\MiKTeX 2.9\tex\latex\base\article.cls"
Document Class: article 2014/09/29 v1.4h Standard LaTeX document class
("C:\Program Files\MiKTeX 2.9\tex\latex\base\size12.clo"
File: size12.clo 2014/09/29 v1.4h Standard LaTeX file (size option)
)
\c@part=\count79
\c@section=\count80
\c@subsection=\count81
\c@subsubsection=\count82
\c@paragraph=\count83
\c@subparagraph=\count84
\c@figure=\count85
\c@table=\count86
\abovecaptionskip=\skip41
\belowcaptionskip=\skip42
\bibindent=\dimen102
)
("C:\Program Files\MiKTeX 2.9\tex\latex\xkeyval\xkeyval.sty"
Package: xkeyval 2014/12/03 v2.7a package option processing (HA)

("C:\Program Files\MiKTeX 2.9\tex\generic\xkeyval\xkeyval.tex"
("C:\Program Files\MiKTeX 2.9\tex\generic\xkeyval\xkvutils.tex"
\XKV@toks=\toks14
\XKV@tempa@toks=\toks15

("C:\Program Files\MiKTeX 2.9\tex\generic\xkeyval\keyval.tex"))
\XKV@depth=\count87
File: xkeyval.tex 2014/12/03 v2.7a key=value parser (HA)
))
\acs@bib@file=\write3
\c@bibnote=\count88

("C:\Program Files\MiKTeX 2.9\tex\latex\geometry\geometry.sty"
Package: geometry 2010/09/12 v5.6 Page Geometry

("C:\Program Files\MiKTeX 2.9\tex\generic\oberdiek\ifpdf.sty"
Package: ifpdf 2016/05/14 v3.1 Provides the ifpdf switch
)
("C:\Program Files\MiKTeX 2.9\tex\generic\oberdiek\ifvtex.sty"
Package: ifvtex 2016/05/16 v1.6 Detect VTeX and its facilities (HO)
Package ifvtex Info: VTeX not detected.
)
("C:\Program Files\MiKTeX 2.9\tex\generic\ifxetex\ifxetex.sty"
Package: ifxetex 2010/09/12 v0.6 Provides ifxetex conditional
)
\Gm@cnth=\count89
\Gm@cntv=\count90
\c@Gm@tempcnt=\count91
\Gm@bindingoffset=\dimen103
\Gm@wd@mp=\dimen104
\Gm@odd@mp=\dimen105
\Gm@even@mp=\dimen106
\Gm@layoutwidth=\dimen107
\Gm@layoutheight=\dimen108
\Gm@layouthoffset=\dimen109
\Gm@layoutvoffset=\dimen110
\Gm@dimlist=\toks16

("C:\Program Files\MiKTeX 2.9\tex\latex\geometry\geometry.cfg"))
("C:\Program Files\MiKTeX 2.9\tex\latex\caption\caption.sty"
Package: caption 2016/02/21 v3.3-144 Customizing captions (AR)

("C:\Program Files\MiKTeX 2.9\tex\latex\caption\caption3.sty"
Package: caption3 2016/05/22 v1.7-166 caption3 kernel (AR)
Package caption3 Info: TeX engine: e-TeX on input line 67.
\captionmargin=\dimen111
\captionmargin@=\dimen112
\captionwidth=\dimen113
\caption@tempdima=\dimen114
\caption@indent=\dimen115
\caption@parindent=\dimen116
\caption@hangindent=\dimen117
)
\c@ContinuedFloat=\count92
)
("C:\Program Files\MiKTeX 2.9\tex\latex\float\float.sty"
Package: float 2001/11/08 v1.3d Float enhancements (AL)
\c@float@type=\count93
\float@exts=\toks17
\float@box=\box26
\@float@everytoks=\toks18
\@floatcapt=\box27
)
("C:\Program Files\MiKTeX 2.9\tex\latex\graphics\graphicx.sty"
Package: graphicx 2014/10/28 v1.0g Enhanced LaTeX Graphics (DPC,SPQR)

("C:\Program Files\MiKTeX 2.9\tex\latex\graphics\graphics.sty"
Package: graphics 2016/10/09 v1.0u Standard LaTeX Graphics (DPC,SPQR)

("C:\Program Files\MiKTeX 2.9\tex\latex\graphics\trig.sty"
Package: trig 2016/01/03 v1.10 sin cos tan (DPC)
)
("C:\Program Files\MiKTeX 2.9\tex\latex\graphics-cfg\graphics.cfg"
File: graphics.cfg 2016/06/04 v1.11 sample graphics configuration
)
Package graphics Info: Driver file: pdftex.def on input line 99.

("C:\Program Files\MiKTeX 2.9\tex\latex\graphics-def\pdftex.def"
File: pdftex.def 2017/01/12 v0.06k Graphics/color for pdfTeX

("C:\Program Files\MiKTeX 2.9\tex\generic\oberdiek\infwarerr.sty"
Package: infwarerr 2016/05/16 v1.4 Providing info/warning/error messages (HO)
)
("C:\Program Files\MiKTeX 2.9\tex\generic\oberdiek\ltxcmds.sty"
Package: ltxcmds 2016/05/16 v1.23 LaTeX kernel commands for general use (HO)
)
\Gread@gobject=\count94
))
\Gin@req@height=\dimen118
\Gin@req@width=\dimen119
)
("C:\Program Files\MiKTeX 2.9\tex\latex\setspace\setspace.sty"
Package: setspace 2011/12/19 v6.7a set line spacing
)
("C:\Program Files\MiKTeX 2.9\tex\latex\url\url.sty"
\Urlmuskip=\muskip10
Package: url 2013/09/16  ver 3.4  Verb mode for urls, etc.
)
\acs@author@cnt=\count95
\acs@affil@cnt=\count96
\acs@affil@alt@cnt=\count97
\acs@footnote@cnt=\count98
\acs@affil@marker@cnt=\count99
\acs@space@pre@title=\skip43
\acs@space@post@title=\skip44
\acs@space@post@author=\skip45
\acs@space@post@address=\skip46
\acs@space@post@email=\skip47
\acs@maketitle@width=\skip48
\@float@every@scheme=\toks19
\c@scheme=\count100
\@float@every@chart=\toks20
\c@chart=\count101
\@float@every@graph=\toks21
\c@graph=\count102
\@float@every@table=\toks22
\acs@collect@toks=\toks23
\acs@collect@empty@toks=\toks24
\acs@tocentry@height=\skip49
\acs@tocentry@width=\skip50

("C:\Program Files\MiKTeX 2.9\tex\latex\achemso\achemso-jprobs.cfg"
File: achemso-jprobs.cfg 2017/01/21 v3.10h achemso configuration: J. Proteome R
es.
)
("C:\Program Files\MiKTeX 2.9\tex\latex\natbib\natbib.sty"
Package: natbib 2010/09/13 8.31b (PWD, AO)
\bibhang=\skip51
\bibsep=\skip52
LaTeX Info: Redefining \cite on input line 694.
\c@NAT@ctr=\count103
)
("C:\Program Files\MiKTeX 2.9\tex\latex\achemso\natmove.sty"
Package: natmove 2010/01/15 v1.1a Automatic citation moving with natbib
)
("C:\Program Files\MiKTeX 2.9\tex\latex\mciteplus\mciteplus.sty"
Package: mciteplus 2013/09/13 v1.2 enhanced mcite
\@mcitetmptoksA=\toks25
\@mcitetmpdima=\dimen120
\@mcitetmpdimb=\dimen121
\@mcitetmpcnta=\count104
\@mcitetmpcntb=\count105
\c@mcitebibitemcount=\count106
\c@mcitesubitemcount=\count107

** mciteplus: Detected natbib.sty. Invoking hooks.
)) ("C:\Program Files\MiKTeX 2.9\tex\latex\mhchem\mhchem.sty"
Package: mhchem 2017/01/16 v4.06 for typesetting chemical formulae

("C:\Program Files\MiKTeX 2.9\tex\latex\l3kernel\expl3.sty"
Package: expl3 2017/02/07 v6846 L3 programming layer (loader) 

("C:\Program Files\MiKTeX 2.9\tex\latex\l3kernel\expl3-code.tex"
Package: expl3 2017/02/07 v6846 L3 programming layer (code)
L3 Module: l3bootstrap 2016/12/28 v6805 L3 Bootstrap code
L3 Module: l3names 2016/12/28 v6805 L3 Namespace for primitives
L3 Module: l3basics 2016/12/28 v6805 L3 Basic definitions
L3 Module: l3expan 2016/12/28 v6805 L3 Argument expansion
L3 Module: l3tl 2017/02/06 v6842 L3 Token lists
L3 Module: l3str 2017/01/01 v6809 L3 Strings
L3 Module: l3seq 2017/02/06 v6842 L3 Sequences and stacks
L3 Module: l3int 2016/12/28 v6805 L3 Integers
\c_max_int=\count108
\l_tmpa_int=\count109
\l_tmpb_int=\count110
\g_tmpa_int=\count111
\g_tmpb_int=\count112
L3 Module: l3quark 2016/12/28 v6805 L3 Quarks
L3 Module: l3prg 2017/01/01 v6811 L3 Control structures
\g__prg_map_int=\count113
L3 Module: l3clist 2017/02/06 v6842 L3 Comma separated lists
L3 Module: l3token 2016/12/28 v6805 L3 Experimental token manipulation
L3 Module: l3prop 2016/12/28 v6805 L3 Property lists
L3 Module: l3msg 2016/12/28 v6805 L3 Messages
L3 Module: l3file 2016/12/28 v6805 L3 File and I/O operations
\l_iow_line_count_int=\count114
\l__iow_target_count_int=\count115
\l__iow_current_line_int=\count116
\l__iow_current_word_int=\count117
\l__iow_current_indentation_int=\count118
L3 Module: l3skip 2017/01/01 v6809 L3 Dimensions and skips
\c_zero_dim=\dimen122
\c_max_dim=\dimen123
\l_tmpa_dim=\dimen124
\l_tmpb_dim=\dimen125
\g_tmpa_dim=\dimen126
\g_tmpb_dim=\dimen127
\c_zero_skip=\skip53
\c_max_skip=\skip54
\l_tmpa_skip=\skip55
\l_tmpb_skip=\skip56
\g_tmpa_skip=\skip57
\g_tmpb_skip=\skip58
\c_zero_muskip=\muskip11
\c_max_muskip=\muskip12
\l_tmpa_muskip=\muskip13
\l_tmpb_muskip=\muskip14
\g_tmpa_muskip=\muskip15
\g_tmpb_muskip=\muskip16
L3 Module: l3keys 2017/01/01 v6811 L3 Key-value interfaces
\l_keys_choice_int=\count119
L3 Module: l3fp 2016/12/28 v6805 L3 Floating points
\c__fp_leading_shift_int=\count120
\c__fp_middle_shift_int=\count121
\c__fp_trailing_shift_int=\count122
\c__fp_big_leading_shift_int=\count123
\c__fp_big_middle_shift_int=\count124
\c__fp_big_trailing_shift_int=\count125
\c__fp_Bigg_leading_shift_int=\count126
\c__fp_Bigg_middle_shift_int=\count127
\c__fp_Bigg_trailing_shift_int=\count128
\c__fp_rand_size_int=\count129
\c__fp_rand_four_int=\count130
\c__fp_rand_eight_int=\count131
L3 Module: l3sort 2017/02/06 v6842 L3 Sorting functions
\l__sort_length_int=\count132
\l__sort_min_int=\count133
\l__sort_top_int=\count134
\l__sort_max_int=\count135
\l__sort_true_max_int=\count136
\l__sort_block_int=\count137
\l__sort_begin_int=\count138
\l__sort_end_int=\count139
\l__sort_A_int=\count140
\l__sort_B_int=\count141
\l__sort_C_int=\count142
L3 Module: l3box 2016/12/28 v6805 L3 Experimental boxes
\c_empty_box=\box28
\l_tmpa_box=\box29
\l_tmpb_box=\box30
\g_tmpa_box=\box31
\g_tmpb_box=\box32
L3 Module: l3coffins 2016/12/28 v6805 L3 Coffin code layer
\l__coffin_internal_box=\box33
\l__coffin_internal_dim=\dimen128
\l__coffin_offset_x_dim=\dimen129
\l__coffin_offset_y_dim=\dimen130
\l__coffin_x_dim=\dimen131
\l__coffin_y_dim=\dimen132
\l__coffin_x_prime_dim=\dimen133
\l__coffin_y_prime_dim=\dimen134
\c_empty_coffin=\box34
\l__coffin_aligned_coffin=\box35
\l__coffin_aligned_internal_coffin=\box36
\l_tmpa_coffin=\box37
\l_tmpb_coffin=\box38
\l__coffin_display_coffin=\box39
\l__coffin_display_coord_coffin=\box40
\l__coffin_display_pole_coffin=\box41
\l__coffin_display_offset_dim=\dimen135
\l__coffin_display_x_dim=\dimen136
\l__coffin_display_y_dim=\dimen137
L3 Module: l3color 2016/12/28 v6805 L3 Experimental color support
L3 Module: l3sys 2017/01/01 v6811 L3 Experimental system/runtime functions
L3 Module: l3candidates 2017/01/30 v6835 L3 Experimental additions to l3kernel
\l__box_top_dim=\dimen138
\l__box_bottom_dim=\dimen139
\l__box_left_dim=\dimen140
\l__box_right_dim=\dimen141
\l__box_top_new_dim=\dimen142
\l__box_bottom_new_dim=\dimen143
\l__box_left_new_dim=\dimen144
\l__box_right_new_dim=\dimen145
\l__box_internal_box=\box42
\l__coffin_bounding_shift_dim=\dimen146
\l__coffin_left_corner_dim=\dimen147
\l__coffin_right_corner_dim=\dimen148
\l__coffin_bottom_corner_dim=\dimen149
\l__coffin_top_corner_dim=\dimen150
\l__coffin_scaled_total_height_dim=\dimen151
\l__coffin_scaled_width_dim=\dimen152
L3 Module: l3luatex 2016/12/28 v6805 L3 Experimental LuaTeX-specific functions
)
("C:\Program Files\MiKTeX 2.9\tex\latex\l3kernel\l3pdfmode.def"
File: l3pdfmode.def 2016/12/28 v6805 L3 Experimental driver: PDF mode
\l__driver_color_stack_int=\count143
\l__driver_tmp_box=\box43
))
("C:\Program Files\MiKTeX 2.9\tex\latex\l3packages\l3keys2e\l3keys2e.sty"
Package: l3keys2e 2017/02/07 v6846 LaTeX2e option processing using LaTeX3 keys
)
("C:\Program Files\MiKTeX 2.9\tex\latex\l3experimental\l3str\l3regex.sty"
Package: l3regex 2017/02/07 v6846 L3 Experimental regular expressions

("C:\Program Files\MiKTeX 2.9\tex\latex\l3experimental\l3str\l3tl-build.sty"
Package: l3tl-build 2017/02/07 v6846 L3 Experimental token list construction
\l__tl_build_start_index_int=\count144
\l__tl_build_index_int=\count145
)
("C:\Program Files\MiKTeX 2.9\tex\latex\l3experimental\l3str\l3tl-analysis.sty"
Package: l3tl-analysis 2016/12/28 v6805 L3 Experimental token lists analysis
\l__tl_analysis_normal_int=\count146
\l__tl_analysis_index_int=\count147
\l__tl_analysis_nesting_int=\count148
\l__tl_analysis_type_int=\count149
) ("C:\Program Files\MiKTeX 2.9\tex\latex\l3experimental\l3str\l3flag.sty"
Package: l3flag 2017/02/07 v6846 L3 Experimental flags
)
("C:\Program Files\MiKTeX 2.9\tex\latex\l3experimental\l3str\l3str-convert.sty"
Package: l3str-convert 2016/12/28 v6805 L3 Experimental string encoding convers
ions
\l__str_internal_int=\count150
\c__str_replacement_char_int=\count151
)
\l__regex_internal_a_int=\count152
\l__regex_internal_b_int=\count153
\l__regex_internal_c_int=\count154
\l__regex_balance_int=\count155
\l__regex_group_level_int=\count156
\l__regex_mode_int=\count157
\l__regex_catcodes_int=\count158
\l__regex_default_catcodes_int=\count159
\c__regex_catcode_D_int=\count160
\c__regex_catcode_S_int=\count161
\c__regex_catcode_L_int=\count162
\c__regex_catcode_O_int=\count163
\c__regex_catcode_A_int=\count164
\c__regex_all_catcodes_int=\count165
\l__regex_show_lines_int=\count166
\l__regex_min_state_int=\count167
\l__regex_max_state_int=\count168
\l__regex_left_state_int=\count169
\l__regex_right_state_int=\count170
\l__regex_capturing_group_int=\count171
\l__regex_min_pos_int=\count172
\l__regex_max_pos_int=\count173
\l__regex_current_pos_int=\count174
\l__regex_start_pos_int=\count175
\l__regex_success_pos_int=\count176
\l__regex_current_char_int=\count177
\l__regex_current_catcode_int=\count178
\l__regex_last_char_int=\count179
\l__regex_case_changed_char_int=\count180
\l__regex_current_state_int=\count181
\l__regex_step_int=\count182
\l__regex_min_active_int=\count183
\l__regex_max_active_int=\count184
\l__regex_replacement_csnames_int=\count185
\l__regex_match_count_int=\count186
\l__regex_submatch_int=\count187
\l__regex_zeroth_submatch_int=\count188
) ("C:\Program Files\MiKTeX 2.9\tex\latex\tools\calc.sty"
Package: calc 2014/10/28 v4.3 Infix arithmetic (KKT,FJ)
\calc@Acount=\count189
\calc@Bcount=\count190
\calc@Adimen=\dimen153
\calc@Bdimen=\dimen154
\calc@Askip=\skip59
\calc@Bskip=\skip60
LaTeX Info: Redefining \setlength on input line 80.
LaTeX Info: Redefining \addtolength on input line 81.
\calc@Ccount=\count191
\calc@Cskip=\skip61
)
("C:\Program Files\MiKTeX 2.9\tex\latex\amsmath\amsmath.sty"
Package: amsmath 2016/11/05 v2.16a AMS math features
\@mathmargin=\skip62

For additional information on amsmath, use the `?' option.
("C:\Program Files\MiKTeX 2.9\tex\latex\amsmath\amstext.sty"
Package: amstext 2000/06/29 v2.01 AMS text

("C:\Program Files\MiKTeX 2.9\tex\latex\amsmath\amsgen.sty"
File: amsgen.sty 1999/11/30 v2.0 generic functions
\@emptytoks=\toks26
\ex@=\dimen155
))
("C:\Program Files\MiKTeX 2.9\tex\latex\amsmath\amsbsy.sty"
Package: amsbsy 1999/11/29 v1.2d Bold Symbols
\pmbraise@=\dimen156
)
("C:\Program Files\MiKTeX 2.9\tex\latex\amsmath\amsopn.sty"
Package: amsopn 2016/03/08 v2.02 operator names
)
\inf@bad=\count192
LaTeX Info: Redefining \frac on input line 213.
\uproot@=\count193
\leftroot@=\count194
LaTeX Info: Redefining \overline on input line 375.
\classnum@=\count195
\DOTSCASE@=\count196
LaTeX Info: Redefining \ldots on input line 472.
LaTeX Info: Redefining \dots on input line 475.
LaTeX Info: Redefining \cdots on input line 596.
\Mathstrutbox@=\box44
\strutbox@=\box45
\big@size=\dimen157
LaTeX Font Info:    Redeclaring font encoding OML on input line 712.
LaTeX Font Info:    Redeclaring font encoding OMS on input line 713.
\macc@depth=\count197
\c@MaxMatrixCols=\count198
\dotsspace@=\muskip17
\c@parentequation=\count199
\dspbrk@lvl=\count266
\tag@help=\toks27
\row@=\count267
\column@=\count268
\maxfields@=\count269
\andhelp@=\toks28
\eqnshift@=\dimen158
\alignsep@=\dimen159
\tagshift@=\dimen160
\tagwidth@=\dimen161
\totwidth@=\dimen162
\lineht@=\dimen163
\@envbody=\toks29
\multlinegap=\skip63
\multlinetaggap=\skip64
\mathdisplay@stack=\toks30
LaTeX Info: Redefining \[ on input line 2817.
LaTeX Info: Redefining \] on input line 2818.
)
("C:\Program Files\MiKTeX 2.9\tex\latex\chemgreek\chemgreek.sty"
("C:\Program Files\MiKTeX 2.9\tex\latex\l3packages\xparse\xparse.sty"
Package: xparse 2017/02/07 v6846 L3 Experimental document command parser
\l__xparse_current_arg_int=\count270
\l__xparse_m_args_int=\count271
\l__xparse_mandatory_args_int=\count272
\l__xparse_processor_int=\count273
\l__xparse_v_nesting_int=\count274
)
Package: chemgreek 2016/12/20 v1.1 interfaceforuprightgreeklettersforuseinchemi
stry (CN)
\l__chemgreek_tmpa_int=\count275
\g__chemgreek_tmpa_int=\count276
.................................................
. LaTeX info: "xparse/define-command"
. 
. Defining command \newchemgreekmapping with sig. 'O{}mm' on line 336.
.................................................
.................................................
. LaTeX info: "xparse/define-command"
. 
. Defining command \renewchemgreekmapping with sig. 'O{}mm' on line 339.
.................................................
.................................................
. LaTeX info: "xparse/define-command"
. 
. Defining command \declarechemgreekmapping with sig. 'O{}mm' on line 342.
.................................................
.................................................
. LaTeX info: "xparse/define-command"
. 
. Defining command \newchemgreekmappingalias with sig. 'mm' on line 347.
.................................................
.................................................
. LaTeX info: "xparse/define-command"
. 
. Defining command \renewchemgreekmappingalias with sig. 'mm' on line 350.
.................................................
.................................................
. LaTeX info: "xparse/define-command"
. 
. Defining command \declarechemgreekmappingalias with sig. 'mm' on line 353.
.................................................
.................................................
. LaTeX info: "xparse/define-command"
. 
. Defining command \changechemgreeksymbol with sig. 'mmmm' on line 383.
.................................................
.................................................
. LaTeX info: "xparse/define-command"
. 
. Defining command \chemgreekmappingsymbol with sig. 'mm' on line 477.
.................................................
.................................................
. LaTeX info: "xparse/define-command"
. 
. Defining command \activatechemgreekmapping with sig. 'sm' on line 486.
.................................................
.................................................
. LaTeX info: "xparse/define-command"
. 
. Defining command \selectchemgreekmapping with sig. 'm' on line 491.
.................................................
)
\l__mhchem_ce_distanceFromLastComma_int=\count277
\__mhchem_arrow_extPgfLength_skip=\skip65
\mhchem@minispace@tmp=\skip66
\mhchem@minibackspace@tmp=\skip67
\mhchem@bondwidth=\skip68
\mhchem@bondheight=\skip69
\mhchem@smallbondwidth@tmpA=\skip70
\mhchem@smallbondwidth@tmpB=\skip71
\mhchem@smallbondwidth=\skip72
\mhchem@bondtmp@minussidebearingleft=\skip73
\mhchem@bondtmp@minussidebearingright=\skip74
\l__mhchem_option_version_int=\count278
\mhchem@option@minusmathsidebearingleft=\dimen164
\mhchem@option@minusmathsidebearingright=\dimen165
\mhchem@option@minustextsidebearingleft=\dimen166
\mhchem@option@minustextsidebearingright=\dimen167
)
("C:\Program Files\MiKTeX 2.9\tex\latex\base\fontenc.sty"
Package: fontenc 2017/01/24 v2.0c Standard LaTeX package

("C:\Program Files\MiKTeX 2.9\tex\latex\base\t1enc.def"
File: t1enc.def 2017/01/24 v2.0c Standard LaTeX file
LaTeX Font Info:    Redeclaring font encoding T1 on input line 48.
)) (paper.aux)
\openout1 = `paper.aux'.

LaTeX Font Info:    Checking defaults for OML/cmm/m/it on input line 97.
LaTeX Font Info:    ... okay on input line 97.
LaTeX Font Info:    Checking defaults for T1/cmr/m/n on input line 97.
LaTeX Font Info:    ... okay on input line 97.
LaTeX Font Info:    Checking defaults for OT1/cmr/m/n on input line 97.
LaTeX Font Info:    ... okay on input line 97.
LaTeX Font Info:    Checking defaults for OMS/cmsy/m/n on input line 97.
LaTeX Font Info:    ... okay on input line 97.
LaTeX Font Info:    Checking defaults for OMX/cmex/m/n on input line 97.
LaTeX Font Info:    ... okay on input line 97.
LaTeX Font Info:    Checking defaults for U/cmr/m/n on input line 97.
LaTeX Font Info:    ... okay on input line 97.
\openout3 = `acs-paper.bib'.


*geometry* driver: auto-detecting
*geometry* detected driver: pdftex
*geometry* verbose mode - [ preamble ] result:
* driver: pdftex
* paper: <default>
* layout: <same size as paper>
* layoutoffset:(h,v)=(0.0pt,0.0pt)
* modes: 
* h-part:(L,W,R)=(72.2698pt, 469.75539pt, 72.2698pt)
* v-part:(T,H,B)=(72.2698pt, 650.43037pt, 72.2698pt)
* \paperwidth=614.295pt
* \paperheight=794.96999pt
* \textwidth=469.75539pt
* \textheight=650.43037pt
* \oddsidemargin=-0.00018pt
* \evensidemargin=-0.00018pt
* \topmargin=-37.00018pt
* \headheight=12.0pt
* \headsep=25.0pt
* \topskip=12.0pt
* \footskip=30.0pt
* \marginparwidth=44.0pt
* \marginparsep=10.0pt
* \columnsep=10.0pt
* \skip\footins=10.8pt plus 4.0pt minus 2.0pt
* \hoffset=0.0pt
* \voffset=0.0pt
* \mag=1000
* \@twocolumnfalse
* \@twosidefalse
* \@mparswitchfalse
* \@reversemarginfalse
* (1in=72.27pt=25.4mm, 1cm=28.453pt)

Package caption Info: Begin \AtBeginDocument code.
Package caption Info: float package is loaded.
Package caption Info: End \AtBeginDocument code.
("C:\Program Files\MiKTeX 2.9\tex\context\base\supp-pdf.mkii"
[Loading MPS to PDF converter (version 2006.09.02).]
\scratchcounter=\count279
\scratchdimen=\dimen168
\scratchbox=\box46
\nofMPsegments=\count280
\nofMParguments=\count281
\everyMPshowfont=\toks31
\MPscratchCnt=\count282
\MPscratchDim=\dimen169
\MPnumerator=\count283
\makeMPintoPDFobject=\count284
\everyMPtoPDFconversion=\toks32
) ("C:\Program Files\MiKTeX 2.9\tex\generic\oberdiek\pdftexcmds.sty"
Package: pdftexcmds 2016/05/21 v0.22 Utility functions of pdfTeX for LuaTeX (HO
)

("C:\Program Files\MiKTeX 2.9\tex\generic\oberdiek\ifluatex.sty"
Package: ifluatex 2016/05/16 v1.4 Provides the ifluatex switch (HO)
Package ifluatex Info: LuaTeX not detected.
)
Package pdftexcmds Info: LuaTeX not detected.
Package pdftexcmds Info: \pdf@primitive is available.
Package pdftexcmds Info: \pdf@ifprimitive is available.
Package pdftexcmds Info: \pdfdraftmode found.
)
("C:\Program Files\MiKTeX 2.9\tex\latex\oberdiek\epstopdf-base.sty"
Package: epstopdf-base 2016/05/15 v2.6 Base part for package epstopdf

("C:\Program Files\MiKTeX 2.9\tex\latex\oberdiek\grfext.sty"
Package: grfext 2016/05/16 v1.2 Manage graphics extensions (HO)

("C:\Program Files\MiKTeX 2.9\tex\generic\oberdiek\kvdefinekeys.sty"
Package: kvdefinekeys 2016/05/16 v1.4 Define keys (HO)
))
("C:\Program Files\MiKTeX 2.9\tex\latex\oberdiek\kvoptions.sty"
Package: kvoptions 2016/05/16 v3.12 Key value format for package options (HO)

("C:\Program Files\MiKTeX 2.9\tex\generic\oberdiek\kvsetkeys.sty"
Package: kvsetkeys 2016/05/16 v1.17 Key value parser (HO)

("C:\Program Files\MiKTeX 2.9\tex\generic\oberdiek\etexcmds.sty"
Package: etexcmds 2016/05/16 v1.6 Avoid name clashes with e-TeX commands (HO)
Package etexcmds Info: Could not find \expanded.
(etexcmds)             That can mean that you are not using pdfTeX 1.50 or
(etexcmds)             that some package has redefined \expanded.
(etexcmds)             In the latter case, load this package earlier.
)))
Package epstopdf-base Info: Redefining graphics rule for `.eps' on input line 4
38.
Package grfext Info: Graphics extension search list:
(grfext)             [.png,.pdf,.jpg,.mps,.jpeg,.jbig2,.jb2,.PNG,.PDF,.JPG,.JPE
G,.JBIG2,.JB2,.eps]
(grfext)             \AppendGraphicsExtensions on input line 456.
)
.................................................
. chemgreek info: "mapping-activated"
. 
. Activating mapping `default' on line 97.
.................................................
LaTeX Font Info:    Try loading font information for T1+cmss on input line 97.

("C:\Program Files\MiKTeX 2.9\tex\latex\base\t1cmss.fd"
File: t1cmss.fd 2014/09/29 v2.5h Standard LaTeX font definitions
) [1

{C:/ProgramData/MiKTeX/2.9/pdftex/config/pdftex.map}] [2] [3] [4] [5] [6] [7] [
8] [9]
LaTeX Font Info:    Try loading font information for OMS+cmr on input line 439.


("C:\Program Files\MiKTeX 2.9\tex\latex\base\omscmr.fd"
File: omscmr.fd 2014/09/29 v2.5h Standard LaTeX font definitions
)
LaTeX Font Info:    Font shape `OMS/cmr/m/n' in size <12> not available
(Font)              Font shape `OMS/cmsy/m/n' tried instead on input line 439.
 (paper.bbl) [10]
LaTeX Font Info:    Try loading font information for T1+cmtt on input line 452.


("C:\Program Files\MiKTeX 2.9\tex\latex\base\t1cmtt.fd"
File: t1cmtt.fd 2014/09/29 v2.5h Standard LaTeX font definitions
)
Underfull \vbox (badness 10000) detected at line 452
 []

[11] (paper.aux) ) 
Here is how much of TeX's memory you used:
 14288 strings out of 493333
 266274 string characters out of 3139194
 333171 words of memory out of 3000000
 17670 multiletter control sequences out of 15000+200000
 22365 words of font info for 53 fonts, out of 3000000 for 9000
 1141 hyphenation exceptions out of 8191
 60i,8n,94p,10407b,403s stack positions out of 5000i,500n,10000p,200000b,50000s
 <C:\Users\stepa\AppData\Local\MiKTeX\2.9\fonts\pk\ljfour\jkn
appen\ec\dpi600\ecsi0800.pk> <C:\Users\stepa\AppData\Local\MiKTeX\2.9\fonts\pk\
ljfour\jknappen\ec\dpi600\ectt0800.pk> <C:\Users\stepa\AppData\Local\MiKTeX\2.9
\fonts\pk\ljfour\jknappen\ec\dpi600\ecss0800.pk> <C:\Users\stepa\AppData\Local\
MiKTeX\2.9\fonts\pk\ljfour\jknappen\ec\dpi600\ecbx1200.pk> <C:\Users\stepa\AppD
ata\Local\MiKTeX\2.9\fonts\pk\ljfour\jknappen\ec\dpi600\ecbx1728.pk> <C:\Users\
stepa\AppData\Local\MiKTeX\2.9\fonts\pk\ljfour\jknappen\ec\dpi600\ecrm0800.pk> 
<C:\Users\stepa\AppData\Local\MiKTeX\2.9\fonts\pk\ljfour\jknappen\ec\dpi600\ecr
m1095.pk> <C:\Users\stepa\AppData\Local\MiKTeX\2.9\fonts\pk\ljfour\jknappen\ec\
dpi600\ecbx1095.pk> <C:\Users\stepa\AppData\Local\MiKTeX\2.9\fonts\pk\ljfour\jk
nappen\ec\dpi600\ecrm1200.pk> <C:\Users\stepa\AppData\Local\MiKTeX\2.9\fonts\pk
\ljfour\jknappen\ec\dpi600\ecss1200.pk> <C:\Users\stepa\AppData\Local\MiKTeX\2.
9\fonts\pk\ljfour\jknappen\ec\dpi600\ecti1200.pk> <C:\Users\stepa\AppData\Local
\MiKTeX\2.9\fonts\pk\ljfour\jknappen\ec\dpi600\ecss1000.pk> <C:\Users\stepa\App
Data\Local\MiKTeX\2.9\fonts\pk\ljfour\jknappen\ec\dpi600\ecss1440.pk> <C:\Users
\stepa\AppData\Local\MiKTeX\2.9\fonts\pk\ljfour\jknappen\ec\dpi600\ecsx2074.pk>
<C:/Program Files/MiKTeX 2.9/fonts/type1/public/amsfonts/cm/cmsy10.pfb>
Output written on paper.pdf (11 pages, 167693 bytes).
PDF statistics:
 470 PDF objects out of 1000 (max. 8388607)
 0 named destinations out of 1000 (max. 500000)
 1 words of extra memory for PDF output out of 10000 (max. 10000000)

